Sat, 18 Jan 2020 10:27:45 GMT - Info - Server is running on port: 3030
Sat, 18 Jan 2020 10:27:53 GMT - Info - Server is running on port: 3030
Sat, 18 Jan 2020 10:32:22 GMT - Info - Server is running on port: 3030
Sat, 18 Jan 2020 10:34:06 GMT - Info - Server is running on port: 3030
Sat, 18 Jan 2020 10:36:30 GMT - Info - Server is running on port: 3030
Sat, 18 Jan 2020 10:36:48 GMT - Info - Server is running on port: 3030
Sat, 18 Jan 2020 10:42:20 GMT - Info - Server is running on port: 3030
Sat, 18 Jan 2020 11:02:35 GMT - Info - Server is running on port: 3030
Sat, 18 Jan 2020 11:15:39 GMT - Info - Server is running on port: 3030
Sat, 18 Jan 2020 13:02:17 GMT - Info - Server is running on port: 3030
Sat, 18 Jan 2020 13:04:20 GMT - Info - Server is running on port: 3030
Sat, 18 Jan 2020 13:04:32 GMT - Info - Server is running on port: 3030
Sat, 18 Jan 2020 13:04:57 GMT - Info - Server is running on port: 3030
Sat, 18 Jan 2020 13:05:18 GMT - Info - Server is running on port: 3030
Sat, 18 Jan 2020 13:05:46 GMT - Info - Server is running on port: 3030
Sat, 18 Jan 2020 13:06:37 GMT - Info - Server is running on port: 3030
Sat, 18 Jan 2020 13:58:55 GMT - Info - Server is running on port: 3030
Sat, 18 Jan 2020 14:01:27 GMT - Info - Server is running on port: 3030
Sat, 18 Jan 2020 14:02:33 GMT - Info - Server is running on port: 3030
Sat, 18 Jan 2020 14:02:54 GMT - Info - Server is running on port: 3030
Sat, 18 Jan 2020 14:06:03 GMT - Info - Server is running on port: 3030
Sat, 18 Jan 2020 14:06:30 GMT - Info - Server is running on port: 3030
Sat, 18 Jan 2020 14:32:24 GMT - Info - Server is running on port: 3030
Sat, 18 Jan 2020 14:32:33 GMT - Info - Server is running on port: 3030
Sat, 18 Jan 2020 14:37:33 GMT - Info - Server is running on port: 3030
Sat, 18 Jan 2020 14:37:56 GMT - Info - Server is running on port: 3030
Sat, 18 Jan 2020 14:38:37 GMT - Info - Server is running on port: 3030
Sat, 18 Jan 2020 14:40:14 GMT - Info - Server is running on port: 3030
Sat, 18 Jan 2020 15:16:25 GMT - Info - Server is running on port: 3030
Sat, 18 Jan 2020 15:16:34 GMT - Info - Server is running on port: 3030
Sat, 18 Jan 2020 15:20:13 GMT - Info - Server is running on port: 3030
Sat, 18 Jan 2020 15:23:15 GMT - Info - Server is running on port: 3030
Sat, 18 Jan 2020 15:50:56 GMT - Info - Server is running on port: 3030
Sat, 18 Jan 2020 15:58:49 GMT - Info - Server is running on port: 3030
Sat, 18 Jan 2020 15:59:33 GMT - Info - Server is running on port: 3030
Sat, 18 Jan 2020 15:59:35 GMT - Info - Server is running on port: 3030
Sat, 18 Jan 2020 17:15:55 GMT - Info - Server is running on port: 3030
Sat, 18 Jan 2020 17:16:07 GMT - Debug - auth.service - login with email: roy@gmail.com
Sat, 18 Jan 2020 17:17:08 GMT - Debug - auth.service - login with email: asfasf
Sat, 18 Jan 2020 17:18:42 GMT - Info - Server is running on port: 3030
Sat, 18 Jan 2020 17:18:44 GMT - Info - Server is running on port: 3030
Sat, 18 Jan 2020 17:19:08 GMT - Debug - auth.service - login with email: roy@gmail.com
Sat, 18 Jan 2020 17:23:27 GMT - Info - Server is running on port: 3030
Sat, 18 Jan 2020 17:23:45 GMT - Debug - auth.service - login with email: roy@gmail.com
Sat, 18 Jan 2020 17:25:26 GMT - Debug - auth.service - login with email: qwfqwffqw
Sat, 18 Jan 2020 17:26:43 GMT - Debug - auth.service - login with email: roy@gmail.com
Sat, 18 Jan 2020 17:29:30 GMT - Debug - auth.service - login with email: roy@gmail.com
Sat, 18 Jan 2020 17:30:24 GMT - Debug - auth.service - login with email: asfasf
Sat, 18 Jan 2020 17:30:37 GMT - Debug - auth.service - login with email: roy@gmail.com
Sat, 18 Jan 2020 18:53:55 GMT - Info - Server is running on port: 3030
Sat, 18 Jan 2020 18:55:12 GMT - Info - Server is running on port: 3030
Sat, 18 Jan 2020 18:55:48 GMT - Info - Server is running on port: 3030
Sat, 18 Jan 2020 18:56:12 GMT - Info - Server is running on port: 3030
Sat, 18 Jan 2020 19:48:11 GMT - Info - Server is running on port: 3030
Sat, 18 Jan 2020 19:48:37 GMT - Info - Server is running on port: 3030
Sat, 18 Jan 2020 19:48:49 GMT - Info - Server is running on port: 3030
Sat, 18 Jan 2020 19:49:24 GMT - Debug - auth.service - login with email: roy@gmail.com
Sat, 18 Jan 2020 19:50:39 GMT - Info - Server is running on port: 3030
Sat, 18 Jan 2020 19:50:44 GMT - Info - Server is running on port: 3030
Sat, 18 Jan 2020 19:52:01 GMT - Info - Server is running on port: 3030
Sat, 18 Jan 2020 19:52:04 GMT - Info - Server is running on port: 3030
Sat, 18 Jan 2020 19:52:24 GMT - Info - Server is running on port: 3030
Sat, 18 Jan 2020 19:52:28 GMT - Debug - auth.service - login with email: roy@gmail.com
Sat, 18 Jan 2020 19:54:55 GMT - Info - Server is running on port: 3030
Sat, 18 Jan 2020 19:55:13 GMT - Debug - auth.service - login with email: roy@gmail.com
Sat, 18 Jan 2020 20:05:50 GMT - Debug - auth.service - login with email: roy@gmail.com
Sun, 19 Jan 2020 05:22:41 GMT - Info - Server is running on port: 3030
Sun, 19 Jan 2020 05:25:42 GMT - Debug - auth.service - login with email: roy@gmail.com
Sun, 19 Jan 2020 07:47:06 GMT - Debug - auth.service - login with email: roy@gmail.com
Sun, 19 Jan 2020 07:47:56 GMT - Debug - auth.service - login with email: roy@gmail.com
Sun, 19 Jan 2020 07:49:41 GMT - Debug - auth.service - login with email: roy@gmail.com
Sun, 19 Jan 2020 07:50:18 GMT - Debug - auth.service - login with email: roy@gmail.com
Sun, 19 Jan 2020 07:51:26 GMT - Debug - auth.service - login with email: roy@gmail.com
Sun, 19 Jan 2020 07:53:25 GMT - Debug - auth.service - login with email: roy@gmail.com
Sun, 19 Jan 2020 07:55:15 GMT - Debug - auth.service - login with email: roy@gmail.com
Sun, 19 Jan 2020 07:57:00 GMT - Debug - auth.service - login with email: roy@gmail.com
Sun, 19 Jan 2020 07:58:33 GMT - Debug - auth.service - login with email: roy@gmail.com
Sun, 19 Jan 2020 07:59:59 GMT - Debug - auth.service - login with email: roy@gmail.com
Sun, 19 Jan 2020 08:00:55 GMT - Debug - auth.service - login with email: roy@gmail.com
Sun, 19 Jan 2020 08:01:57 GMT - Debug - auth.service - login with email: roy@gmail.com
Sun, 19 Jan 2020 08:02:48 GMT - Debug - auth.service - login with email: roy@gmail.com
Sun, 19 Jan 2020 08:03:22 GMT - Debug - auth.service - login with email: roy@gmail.com
Sun, 19 Jan 2020 08:04:04 GMT - Debug - auth.service - login with email: roy@gmail.com
Sun, 19 Jan 2020 08:04:38 GMT - Debug - auth.service - login with email: roy@gmail.com
Sun, 19 Jan 2020 08:08:30 GMT - Debug - auth.service - login with email: roy@gmail.com
Sun, 19 Jan 2020 08:09:05 GMT - Debug - auth.service - login with email: roy@gmail.com
Sun, 19 Jan 2020 08:10:14 GMT - Debug - auth.service - login with email: roy@gmail.com
Sun, 19 Jan 2020 08:12:32 GMT - Debug - auth.service - login with email: roy@gmail.com
Sun, 19 Jan 2020 08:13:52 GMT - Debug - auth.service - login with email: roy@gmail.com
Sun, 19 Jan 2020 08:14:50 GMT - Info - Server is running on port: 3030
Sun, 19 Jan 2020 08:15:24 GMT - Info - Server is running on port: 3030
Sun, 19 Jan 2020 08:15:29 GMT - Info - Server is running on port: 3030
Sun, 19 Jan 2020 08:15:51 GMT - Debug - auth.service - login with email: roy@gmail.com
Sun, 19 Jan 2020 08:17:45 GMT - Info - Server is running on port: 3030
Sun, 19 Jan 2020 08:19:34 GMT - Debug - auth.service - login with email: roy@gmail.com
Sun, 19 Jan 2020 08:19:47 GMT - Debug - auth.service - login with email: roy@gmail.com
Sun, 19 Jan 2020 08:21:47 GMT - Debug - auth.service - login with email: roy@gmail.com
Sun, 19 Jan 2020 08:27:01 GMT - Debug - auth.service - login with email: roy@gmail.com
Sun, 19 Jan 2020 08:27:46 GMT - Debug - auth.service - login with email: roy@gmail.com
Sun, 19 Jan 2020 08:29:15 GMT - Debug - auth.service - login with email: roy@gmail.com
Sun, 19 Jan 2020 08:29:39 GMT - Debug - auth.service - login with email: roy@gmail.com
Sun, 19 Jan 2020 08:30:07 GMT - Debug - auth.service - login with email: roy@gmail.com
Sun, 19 Jan 2020 08:31:14 GMT - Debug - auth.service - login with email: roy@gmail.com
Sun, 19 Jan 2020 08:37:06 GMT - Debug - auth.service - login with email: roy@gmail.com
Sun, 19 Jan 2020 08:40:02 GMT - Debug - auth.service - login with email: roy@gmail.com
Sun, 19 Jan 2020 08:47:29 GMT - Debug - auth.service - login with email: roy@gmail.com
Sun, 19 Jan 2020 08:54:39 GMT - Debug - auth.service - login with email: roy@gmail.com
Sun, 19 Jan 2020 08:55:37 GMT - Debug - auth.service - login with email: roy@gmail.com
Sun, 19 Jan 2020 08:58:24 GMT - Debug - auth.service - login with email: roy@gmail.com
Sun, 19 Jan 2020 09:06:32 GMT - Debug - auth.service - login with email: roy@gmail.com
Sun, 19 Jan 2020 09:11:27 GMT - Debug - auth.service - login with email: roy@gmail.com
Sun, 19 Jan 2020 09:24:11 GMT - Debug - auth.service - login with email: roy@gmail.com
Sun, 19 Jan 2020 09:28:42 GMT - Debug - auth.service - login with email: roy@gmail.com
Sun, 19 Jan 2020 09:42:16 GMT - Debug - auth.service - login with email: roy@gmail.com
Sun, 19 Jan 2020 09:47:01 GMT - Debug - auth.service - login with email: roy@gmail.com
Sun, 19 Jan 2020 10:12:38 GMT - Debug - auth.service - login with email: roy@gmail.com
Sun, 19 Jan 2020 10:21:39 GMT - Debug - auth.service - login with email: roy@gmail.com
Sun, 19 Jan 2020 10:24:47 GMT - Debug - auth.service - login with email: roy@gmail.com
Sun, 19 Jan 2020 10:34:36 GMT - Debug - auth.service - login with email: roy@gmail.com
Sun, 19 Jan 2020 10:39:57 GMT - Debug - auth.service - login with email: roy@gmail.com
Sun, 19 Jan 2020 11:28:26 GMT - Debug - auth.service - login with email: roy@gmail.com
Sun, 19 Jan 2020 11:29:30 GMT - Info - Server is running on port: 3030
Sun, 19 Jan 2020 11:29:56 GMT - Info - Server is running on port: 3030
Sun, 19 Jan 2020 11:30:06 GMT - Debug - auth.service - login with email: roy@gmail.com

Sun, 19 Jan 2020 14:04:00 GMT - Info - Server is running on port: 3030
Sun, 19 Jan 2020 14:13:23 GMT - Info - Server is running on port: 3030
Sun, 19 Jan 2020 14:13:36 GMT - Info - Server is running on port: 3030
Sun, 19 Jan 2020 14:21:34 GMT - Debug - auth.service - login with email: roy@gmail.com
Sun, 19 Jan 2020 14:28:59 GMT - Info - Server is running on port: 3030
Sun, 19 Jan 2020 15:12:40 GMT - Info - Server is running on port: 3030
Sun, 19 Jan 2020 15:13:03 GMT - Info - Server is running on port: 3030
Sun, 19 Jan 2020 15:14:01 GMT - Info - Server is running on port: 3030
Sun, 19 Jan 2020 17:25:46 GMT - Info - Server is running on port: 3030
Sun, 19 Jan 2020 18:34:50 GMT - Info - Server is running on port: 3030
Sun, 19 Jan 2020 19:25:43 GMT - Info - Server is running on port: 3030
Sun, 19 Jan 2020 19:25:53 GMT - Info - Server is running on port: 3030
Sun, 19 Jan 2020 19:26:45 GMT - Info - Server is running on port: 3030
Sun, 19 Jan 2020 19:26:46 GMT - Info - Server is running on port: 3030
Sun, 19 Jan 2020 21:15:58 GMT - Info - Server is running on port: 3030
Sun, 19 Jan 2020 21:16:29 GMT - Info - Server is running on port: 3030
Sun, 19 Jan 2020 21:18:22 GMT - Info - Server is running on port: 3030
Sun, 19 Jan 2020 21:23:05 GMT - Info - Server is running on port: 3030
Sun, 19 Jan 2020 22:25:32 GMT - Info - Server is running on port: 3030
Sun, 19 Jan 2020 22:29:46 GMT - Info - Server is running on port: 3030
Sun, 19 Jan 2020 22:37:47 GMT - Info - Server is running on port: 3030
Sun, 19 Jan 2020 22:38:15 GMT - Info - Server is running on port: 3030
Sun, 19 Jan 2020 22:39:17 GMT - Info - Server is running on port: 3030
Sun, 19 Jan 2020 22:50:50 GMT - Info - Server is running on port: 3030
Sun, 19 Jan 2020 23:00:25 GMT - Info - Server is running on port: 3030
Sun, 19 Jan 2020 23:03:44 GMT - Info - Server is running on port: 3030
Sun, 19 Jan 2020 23:09:29 GMT - Info - Server is running on port: 3030
Sun, 19 Jan 2020 23:09:34 GMT - Info - Server is running on port: 3030
Mon, 20 Jan 2020 07:28:48 GMT - Info - Server is running on port: 3030
Mon, 20 Jan 2020 08:06:46 GMT - Info - Server is running on port: 3030
Mon, 20 Jan 2020 08:07:16 GMT - Info - Server is running on port: 3030
Mon, 20 Jan 2020 08:09:16 GMT - Info - Server is running on port: 3030
Mon, 20 Jan 2020 08:11:47 GMT - Info - Server is running on port: 3030
Mon, 20 Jan 2020 08:16:09 GMT - Info - Server is running on port: 3030
Mon, 20 Jan 2020 08:30:53 GMT - Info - Server is running on port: 3030
Mon, 20 Jan 2020 09:01:04 GMT - Info - Server is running on port: 3030
Mon, 20 Jan 2020 09:10:59 GMT - Info - Server is running on port: 3030
